# JRE version: OpenJDK Runtime Environment Temurin-21.0.9+10 (21.0.9+10) (build 21.0.9+10-LTS)
# Java VM: OpenJDK 64-Bit Server VM Temurin-21.0.9+10 (21.0.9+10-LTS, mixed mode, sharing, tiered, compressed oops, compressed class ptrs, g1 gc, windows-amd64)
GC Precious Log:
 CardTable entry size: 512
 Card Set container configuration: InlinePtr #cards 5 size 8 Array Of Cards #cards 12 size 40 Howl #buckets 4 coarsen threshold 1843 Howl Bitmap #cards 512 size 80 coarsen threshold 460 Card regions per heap region 1 cards per card region 2048
 CPUs: 2 total, 2 available
 Memory: 4011M
 Large Page Support: Disabled
 NUMA Support: Disabled
 Compressed Oops: Enabled (32-bit)
 Heap Region Size: 1M
 Heap Min Capacity: 8M
 Heap Initial Capacity: 64M
 Heap Max Capacity: 1004M
 Pre-touch: Disabled
 Parallel Workers: 2
 Concurrent Workers: 1
 Concurrent Refinement Workers: 2
 Periodic GC: Disabled
Heap:
 garbage-first heap   total 47104K, used 32289K [0x00000000c1400000, 0x0000000100000000)
  region size 1024K, 13 young (13312K), 2 survivors (2048K)
 Metaspace       used 30727K, committed 31232K, reserved 1114112K
  class space    used 4051K, committed 4288K, reserved 1048576K
GC Heap History (16 events):
Event: 1.074 GC heap before
{Heap before GC invocations=0 (full 0):
 garbage-first heap   total 65536K, used 5120K [0x00000000c1400000, 0x0000000100000000)
  region size 1024K, 6 young (6144K), 0 survivors (0K)
 Metaspace       used 448K, committed 640K, reserved 1114112K
  class space    used 19K, committed 128K, reserved 1048576K
}
Event: 1.103 GC heap after
{Heap after GC invocations=1 (full 0):
 garbage-first heap   total 65536K, used 784K [0x00000000c1400000, 0x0000000100000000)
  region size 1024K, 1 young (1024K), 1 survivors (1024K)
 Metaspace       used 448K, committed 640K, reserved 1114112K
  class space    used 19K, committed 128K, reserved 1048576K
}
Event: 3.041 GC heap before
{Heap before GC invocations=1 (full 0):
 garbage-first heap   total 65536K, used 6928K [0x00000000c1400000, 0x0000000100000000)
  region size 1024K, 8 young (8192K), 1 survivors (1024K)
 Metaspace       used 1971K, committed 2176K, reserved 1114112K
  class space    used 202K, committed 320K, reserved 1048576K
}
Event: 3.051 GC heap after
{Heap after GC invocations=2 (full 0):
 garbage-first heap   total 65536K, used 1755K [0x00000000c1400000, 0x0000000100000000)
  region size 1024K, 1 young (1024K), 1 survivors (1024K)
 Metaspace       used 1971K, committed 2176K, reserved 1114112K
  class space    used 202K, committed 320K, reserved 1048576K
}
Event: 4.267 GC heap before
{Heap before GC invocations=2 (full 0):
 garbage-first heap   total 65536K, used 10971K [0x00000000c1400000, 0x0000000100000000)
  region size 1024K, 11 young (11264K), 1 survivors (1024K)
 Metaspace       used 4908K, committed 5056K, reserved 1114112K
  class space    used 560K, committed 640K, reserved 1048576K
}
Event: 4.275 GC heap after
{Heap after GC invocations=3 (full 0):
 garbage-first heap   total 65536K, used 2881K [0x00000000c1400000, 0x0000000100000000)
  region size 1024K, 2 young (2048K), 2 survivors (2048K)
 Metaspace       used 4908K, committed 5056K, reserved 1114112K
  class space    used 560K, committed 640K, reserved 1048576K
}
Event: 18.406 GC heap before
{Heap before GC invocations=3 (full 0):
 garbage-first heap   total 65536K, used 42817K [0x00000000c1400000, 0x0000000100000000)
  region size 1024K, 38 young (38912K), 2 survivors (2048K)
 Metaspace       used 12852K, committed 13184K, reserved 1114112K
  class space    used 1821K, committed 1984K, reserved 1048576K
}
Event: 18.433 GC heap after
{Heap after GC invocations=4 (full 0):
 garbage-first heap   total 65536K, used 10858K [0x00000000c1400000, 0x0000000100000000)
  region size 1024K, 5 young (5120K), 5 survivors (5120K)
 Metaspace       used 12852K, committed 13184K, reserved 1114112K
  class space    used 1821K, committed 1984K, reserved 1048576K
}
Event: 38.922 GC heap before
{Heap before GC invocations=4 (full 0):
 garbage-first heap   total 65536K, used 31338K [0x00000000c1400000, 0x0000000100000000)
  region size 1024K, 27 young (27648K), 5 survivors (5120K)
 Metaspace       used 21243K, committed 21504K, reserved 1114112K
  class space    used 2486K, committed 2624K, reserved 1048576K
}
Event: 38.964 GC heap after
{Heap after GC invocations=5 (full 0):
 garbage-first heap   total 65536K, used 13058K [0x00000000c1400000, 0x0000000100000000)
  region size 1024K, 2 young (2048K), 2 survivors (2048K)
 Metaspace       used 21243K, committed 21504K, reserved 1114112K
  class space    used 2486K, committed 2624K, reserved 1048576K
}
Event: 51.276 GC heap before
{Heap before GC invocations=6 (full 0):
 garbage-first heap   total 45056K, used 36610K [0x00000000c1400000, 0x0000000100000000)
  region size 1024K, 26 young (26624K), 2 survivors (2048K)
 Metaspace       used 26207K, committed 26560K, reserved 1114112K
  class space    used 3451K, committed 3584K, reserved 1048576K
}
Event: 51.307 GC heap after
{Heap after GC invocations=7 (full 0):
 garbage-first heap   total 45056K, used 15227K [0x00000000c1400000, 0x0000000100000000)
  region size 1024K, 4 young (4096K), 4 survivors (4096K)
 Metaspace       used 26207K, committed 26560K, reserved 1114112K
  class space    used 3451K, committed 3584K, reserved 1048576K
}
Event: 80.913 GC heap before
{Heap before GC invocations=7 (full 0):
 garbage-first heap   total 45056K, used 38779K [0x00000000c1400000, 0x0000000100000000)
  region size 1024K, 26 young (26624K), 4 survivors (4096K)
 Metaspace       used 29636K, committed 30080K, reserved 1114112K
  class space    used 3841K, committed 4032K, reserved 1048576K
}
Event: 80.960 GC heap after
{Heap after GC invocations=8 (full 0):
 garbage-first heap   total 47104K, used 19688K [0x00000000c1400000, 0x0000000100000000)
  region size 1024K, 4 young (4096K), 4 survivors (4096K)
 Metaspace       used 29636K, committed 30080K, reserved 1114112K
  class space    used 3841K, committed 4032K, reserved 1048576K
}
Event: 91.582 GC heap before
{Heap before GC invocations=8 (full 0):
 garbage-first heap   total 47104K, used 39144K [0x00000000c1400000, 0x0000000100000000)
  region size 1024K, 24 young (24576K), 4 survivors (4096K)
 Metaspace       used 30644K, committed 31104K, reserved 1114112K
  class space    used 4047K, committed 4224K, reserved 1048576K
}
Event: 91.612 GC heap after
{Heap after GC invocations=9 (full 0):
 garbage-first heap   total 47104K, used 22049K [0x00000000c1400000, 0x0000000100000000)
  region size 1024K, 2 young (2048K), 2 survivors (2048K)
 Metaspace       used 30644K, committed 31104K, reserved 1114112K
  class space    used 4047K, committed 4224K, reserved 1048576K
}

