# JRE version: OpenJDK Runtime Environment Temurin-21.0.9+10 (21.0.9+10) (build 21.0.9+10-LTS)
# Java VM: OpenJDK 64-Bit Server VM Temurin-21.0.9+10 (21.0.9+10-LTS, mixed mode, sharing, tiered, compressed oops, compressed class ptrs, g1 gc, windows-amd64)
GC Precious Log:
 CardTable entry size: 512
 Card Set container configuration: InlinePtr #cards 5 size 8 Array Of Cards #cards 12 size 40 Howl #buckets 4 coarsen threshold 1843 Howl Bitmap #cards 512 size 80 coarsen threshold 460 Card regions per heap region 1 cards per card region 2048
 CPUs: 2 total, 2 available
 Memory: 4011M
 Large Page Support: Disabled
 NUMA Support: Disabled
 Compressed Oops: Enabled (32-bit)
 Heap Region Size: 1M
 Heap Min Capacity: 8M
 Heap Initial Capacity: 64M
 Heap Max Capacity: 1004M
 Pre-touch: Disabled
 Parallel Workers: 2
 Concurrent Workers: 1
 Concurrent Refinement Workers: 2
 Periodic GC: Disabled
Heap:
 garbage-first heap   total 47104K, used 35510K [0x00000000c1400000, 0x0000000100000000)
  region size 1024K, 17 young (17408K), 2 survivors (2048K)
 Metaspace       used 29857K, committed 30272K, reserved 1114112K
  class space    used 3842K, committed 4032K, reserved 1048576K
GC Heap History (20 events):
Event: 1.016 GC heap before
{Heap before GC invocations=0 (full 0):
 garbage-first heap   total 65536K, used 5120K [0x00000000c1400000, 0x0000000100000000)
  region size 1024K, 6 young (6144K), 0 survivors (0K)
 Metaspace       used 448K, committed 640K, reserved 1114112K
  class space    used 19K, committed 128K, reserved 1048576K
}
Event: 1.025 GC heap after
{Heap after GC invocations=1 (full 0):
 garbage-first heap   total 65536K, used 792K [0x00000000c1400000, 0x0000000100000000)
  region size 1024K, 1 young (1024K), 1 survivors (1024K)
 Metaspace       used 448K, committed 640K, reserved 1114112K
  class space    used 19K, committed 128K, reserved 1048576K
}
Event: 2.425 GC heap before
{Heap before GC invocations=1 (full 0):
 garbage-first heap   total 65536K, used 7960K [0x00000000c1400000, 0x0000000100000000)
  region size 1024K, 8 young (8192K), 1 survivors (1024K)
 Metaspace       used 1992K, committed 2240K, reserved 1114112K
  class space    used 203K, committed 320K, reserved 1048576K
}
Event: 2.434 GC heap after
{Heap after GC invocations=2 (full 0):
 garbage-first heap   total 65536K, used 1772K [0x00000000c1400000, 0x0000000100000000)
  region size 1024K, 1 young (1024K), 1 survivors (1024K)
 Metaspace       used 1992K, committed 2240K, reserved 1114112K
  class space    used 203K, committed 320K, reserved 1048576K
}
Event: 4.027 GC heap before
{Heap before GC invocations=2 (full 0):
 garbage-first heap   total 65536K, used 10988K [0x00000000c1400000, 0x0000000100000000)
  region size 1024K, 11 young (11264K), 1 survivors (1024K)
 Metaspace       used 4900K, committed 5056K, reserved 1114112K
  class space    used 556K, committed 640K, reserved 1048576K
}
Event: 4.037 GC heap after
{Heap after GC invocations=3 (full 0):
 garbage-first heap   total 65536K, used 2768K [0x00000000c1400000, 0x0000000100000000)
  region size 1024K, 2 young (2048K), 2 survivors (2048K)
 Metaspace       used 4900K, committed 5056K, reserved 1114112K
  class space    used 556K, committed 640K, reserved 1048576K
}
Event: 15.435 GC heap before
{Heap before GC invocations=3 (full 0):
 garbage-first heap   total 65536K, used 42704K [0x00000000c1400000, 0x0000000100000000)
  region size 1024K, 38 young (38912K), 2 survivors (2048K)
 Metaspace       used 12803K, committed 13120K, reserved 1114112K
  class space    used 1817K, committed 1984K, reserved 1048576K
}
Event: 15.462 GC heap after
{Heap after GC invocations=4 (full 0):
 garbage-first heap   total 65536K, used 10870K [0x00000000c1400000, 0x0000000100000000)
  region size 1024K, 5 young (5120K), 5 survivors (5120K)
 Metaspace       used 12803K, committed 13120K, reserved 1114112K
  class space    used 1817K, committed 1984K, reserved 1048576K
}
Event: 22.563 GC heap before
{Heap before GC invocations=4 (full 0):
 garbage-first heap   total 65536K, used 31350K [0x00000000c1400000, 0x0000000100000000)
  region size 1024K, 27 young (27648K), 5 survivors (5120K)
 Metaspace       used 21251K, committed 21504K, reserved 1114112K
  class space    used 2485K, committed 2624K, reserved 1048576K
}
Event: 22.598 GC heap after
{Heap after GC invocations=5 (full 0):
 garbage-first heap   total 65536K, used 13312K [0x00000000c1400000, 0x0000000100000000)
  region size 1024K, 2 young (2048K), 2 survivors (2048K)
 Metaspace       used 21251K, committed 21504K, reserved 1114112K
  class space    used 2485K, committed 2624K, reserved 1048576K
}
Event: 26.951 GC heap before
{Heap before GC invocations=6 (full 0):
 garbage-first heap   total 45056K, used 36864K [0x00000000c1400000, 0x0000000100000000)
  region size 1024K, 26 young (26624K), 2 survivors (2048K)
 Metaspace       used 26228K, committed 26560K, reserved 1114112K
  class space    used 3467K, committed 3584K, reserved 1048576K
}
Event: 26.983 GC heap after
{Heap after GC invocations=7 (full 0):
 garbage-first heap   total 45056K, used 15360K [0x00000000c1400000, 0x0000000100000000)
  region size 1024K, 4 young (4096K), 4 survivors (4096K)
 Metaspace       used 26228K, committed 26560K, reserved 1114112K
  class space    used 3467K, committed 3584K, reserved 1048576K
}
Event: 40.117 GC heap before
{Heap before GC invocations=7 (full 0):
 garbage-first heap   total 45056K, used 38912K [0x00000000c1400000, 0x0000000100000000)
  region size 1024K, 26 young (26624K), 4 survivors (4096K)
 Metaspace       used 28752K, committed 29120K, reserved 1114112K
  class space    used 3794K, committed 3968K, reserved 1048576K
}
Event: 40.147 GC heap after
{Heap after GC invocations=8 (full 0):
 garbage-first heap   total 47104K, used 19524K [0x00000000c1400000, 0x0000000100000000)
  region size 1024K, 4 young (4096K), 4 survivors (4096K)
 Metaspace       used 28752K, committed 29120K, reserved 1114112K
  class space    used 3794K, committed 3968K, reserved 1048576K
}
Event: 70.905 GC heap before
{Heap before GC invocations=8 (full 0):
 garbage-first heap   total 47104K, used 40004K [0x00000000c1400000, 0x0000000100000000)
  region size 1024K, 24 young (24576K), 4 survivors (4096K)
 Metaspace       used 29397K, committed 29824K, reserved 1114112K
  class space    used 3834K, committed 4032K, reserved 1048576K
}
Event: 70.937 GC heap after
{Heap after GC invocations=9 (full 0):
 garbage-first heap   total 47104K, used 20480K [0x00000000c1400000, 0x0000000100000000)
  region size 1024K, 1 young (1024K), 1 survivors (1024K)
 Metaspace       used 29397K, committed 29824K, reserved 1114112K
  class space    used 3834K, committed 4032K, reserved 1048576K
}
Event: 81.544 GC heap before
{Heap before GC invocations=9 (full 0):
 garbage-first heap   total 47104K, used 40960K [0x00000000c1400000, 0x0000000100000000)
  region size 1024K, 21 young (21504K), 1 survivors (1024K)
 Metaspace       used 29702K, committed 30144K, reserved 1114112K
  class space    used 3835K, committed 4032K, reserved 1048576K
}
Event: 81.561 GC heap after
{Heap after GC invocations=10 (full 0):
 garbage-first heap   total 47104K, used 21295K [0x00000000c1400000, 0x0000000100000000)
  region size 1024K, 2 young (2048K), 2 survivors (2048K)
 Metaspace       used 29702K, committed 30144K, reserved 1114112K
  class space    used 3835K, committed 4032K, reserved 1048576K
}
Event: 91.115 GC heap before
{Heap before GC invocations=10 (full 0):
 garbage-first heap   total 47104K, used 41775K [0x00000000c1400000, 0x0000000100000000)
  region size 1024K, 22 young (22528K), 2 survivors (2048K)
 Metaspace       used 29745K, committed 30208K, reserved 1114112K
  class space    used 3835K, committed 4032K, reserved 1048576K
}
Event: 91.125 GC heap after
{Heap after GC invocations=11 (full 0):
 garbage-first heap   total 47104K, used 21174K [0x00000000c1400000, 0x0000000100000000)
  region size 1024K, 2 young (2048K), 2 survivors (2048K)
 Metaspace       used 29745K, committed 30208K, reserved 1114112K
  class space    used 3835K, committed 4032K, reserved 1048576K
}

